<?xml version="1.0" encoding="UTF-8"?>
<testng-results ignored="0" total="3" passed="3" failed="0" skipped="0">
  <reporter-output>
  </reporter-output>
  <suite started-at="2021-08-26T14:28:42 BDT" name="LoginSuite" finished-at="2021-08-26T14:28:55 BDT" duration-ms="12958">
    <groups>
    </groups>
    <test started-at="2021-08-26T14:28:42 BDT" name="Login" finished-at="2021-08-26T14:28:55 BDT" duration-ms="12958">
      <class name="events.Login">
        <test-method signature="enterLoginEmail()[pri:1, instance:events.Login@2f48b3d2]" started-at="2021-08-26T14:28:48 BDT" name="enterLoginEmail" finished-at="2021-08-26T14:28:50 BDT" duration-ms="1435" status="PASS">
          <reporter-output>
          </reporter-output>
        </test-method> <!-- enterLoginEmail -->
        <test-method signature="enterLoginPassword()[pri:2, instance:events.Login@2f48b3d2]" started-at="2021-08-26T14:28:50 BDT" name="enterLoginPassword" finished-at="2021-08-26T14:28:51 BDT" duration-ms="1140" status="PASS">
          <reporter-output>
          </reporter-output>
        </test-method> <!-- enterLoginPassword -->
        <test-method signature="clickLoginButton()[pri:3, instance:events.Login@2f48b3d2]" started-at="2021-08-26T14:28:51 BDT" name="clickLoginButton" finished-at="2021-08-26T14:28:53 BDT" duration-ms="2132" status="PASS">
          <reporter-output>
          </reporter-output>
        </test-method> <!-- clickLoginButton -->
      </class> <!-- events.Login -->
      <class name="events.Setup">
        <test-method is-config="true" signature="openURL()[pri:0, instance:events.Setup@78f5c518]" started-at="2021-08-26T14:28:42 BDT" name="openURL" finished-at="2021-08-26T14:28:48 BDT" duration-ms="6614" status="PASS">
          <reporter-output>
          </reporter-output>
        </test-method> <!-- openURL -->
        <test-method is-config="true" signature="tearDown()[pri:0, instance:events.Setup@78f5c518]" started-at="2021-08-26T14:28:53 BDT" name="tearDown" finished-at="2021-08-26T14:28:55 BDT" duration-ms="1551" status="PASS">
          <reporter-output>
          </reporter-output>
        </test-method> <!-- tearDown -->
      </class> <!-- events.Setup -->
    </test> <!-- Login -->
  </suite> <!-- LoginSuite -->
</testng-results>
